[debug] ----------------------------------------------------------------------
[debug] Command:      /home/joel/.nvm/versions/node/v6.0.0/bin/node /usr/local/bin/firebase serve
[debug] CLI Version:  3.0.8
[debug] Platform:     linux
[debug] Node Version: v6.0.0
[debug] Time:         Tue Oct 18 2016 23:26:49 GMT+0530 (IST)
[debug] ----------------------------------------------------------------------
[debug] 
[info] Starting Firebase development server...
[info] 
[info] Project Directory: /home/joel/Desktop/polymer/2016codelab
[info] Public Directory: public
[info] 
[info] Server listening at: http://localhost:5000
[debug] ----------------------------------------------------------------------
[debug] Command:      /home/joel/.nvm/versions/node/v6.0.0/bin/node /usr/local/bin/firebase serve
[debug] CLI Version:  3.0.8
[debug] Platform:     linux
[debug] Node Version: v6.0.0
[debug] Time:         Fri Oct 21 2016 13:33:37 GMT+0530 (IST)
[debug] ----------------------------------------------------------------------
[debug] 
[info] Starting Firebase development server...
[info] 
[info] Project Directory: /home/joel/Desktop/polymer/2016codelab
[info] Public Directory: public
[info] 
[info] Server listening at: http://localhost:5000
